<?xml version="1.0" encoding="UTF-8"?>
<testng-results ignored="0" total="1" passed="1" failed="0" skipped="0">
  <reporter-output>
  </reporter-output>
  <suite started-at="2020-07-28T16:16:32 IST" name="Default suite" finished-at="2020-07-28T16:16:49 IST" duration-ms="16552">
    <groups>
    </groups>
    <test started-at="2020-07-28T16:16:32 IST" name="Default test" finished-at="2020-07-28T16:16:49 IST" duration-ms="16552">
      <class name="SeleniumPractice.SeleniumPractice.Workingwithelements">
        <test-method is-config="true" signature="fn_setup_browser()[pri:0, instance:SeleniumPractice.SeleniumPractice.Workingwithelements@7c469c48]" started-at="2020-07-28T16:16:32 IST" name="fn_setup_browser" finished-at="2020-07-28T16:16:35 IST" duration-ms="2843" status="PASS">
          <reporter-output>
          </reporter-output>
        </test-method> <!-- fn_setup_browser -->
        <test-method signature="fn_select_Seselct_checkcox()[pri:0, instance:SeleniumPractice.SeleniumPractice.Workingwithelements@7c469c48]" started-at="2020-07-28T16:16:35 IST" name="fn_select_Seselct_checkcox" finished-at="2020-07-28T16:16:49 IST" duration-ms="13631" status="PASS">
          <reporter-output>
          </reporter-output>
        </test-method> <!-- fn_select_Seselct_checkcox -->
      </class> <!-- SeleniumPractice.SeleniumPractice.Workingwithelements -->
    </test> <!-- Default test -->
  </suite> <!-- Default suite -->
</testng-results>
